2014-08-06 17:10:14 Debug: 1
2014-08-06 17:10:14 Debug: 1
2014-08-06 17:14:40 Debug: 1
2014-08-06 17:14:40 Debug: 1
2014-09-26 18:49:38 Debug: 
2014-09-30 12:10:11 Debug: Array
(
)

2014-09-30 12:13:36 Debug: Array
(
)

2014-09-30 12:13:55 Debug: 
2014-09-30 12:14:05 Debug: Array
(
)

2014-09-30 12:14:43 Debug: Array
(
)

2014-09-30 12:15:05 Debug: Array
(
    [report_start_date] => 08/08/2014
    [report_end_date] => 09/08/2014
)

2014-09-30 12:18:13 Debug: Array
(
    [report_start_date] => 08/08/2014
    [report_end_date] => 09/08/2014
)

2014-09-30 12:25:37 Debug: Array
(
    [report_start_date] => 08/08/2014
    [report_end_date] => 09/08/2014
)

2014-09-30 12:25:55 Debug: 
2014-09-30 12:29:57 Debug: Array
(
    [report_start_date] => 08/08/2014
    [report_end_date] => 09/08/2014
)

2014-09-30 12:29:59 Debug: Array
(
)

2014-09-30 12:31:41 Debug: Array
(
)

2014-09-30 12:32:42 Debug: Array
(
)

2014-09-30 12:32:56 Debug: 
2014-09-30 12:35:05 Debug: Array
(
)

2014-09-30 12:36:48 Debug: Array
(
)

2014-09-30 12:38:45 Debug: Array
(
)

2014-09-30 12:59:42 Debug: Array
(
)

2014-09-30 13:00:45 Debug: Array
(
)

2014-09-30 13:01:05 Debug: 
2014-09-30 13:01:09 Debug: 
2014-09-30 13:08:20 Debug: Array
(
)

2014-09-30 13:08:32 Debug: Array
(
)

2014-09-30 13:15:52 Debug: Array
(
)

2014-09-30 13:16:35 Debug: 
2014-09-30 13:17:45 Debug: Array
(
)

2014-09-30 13:49:45 Debug: Array
(
)

2014-09-30 13:52:13 Debug: Array
(
)

2014-09-30 13:52:48 Debug: Array
(
    [report_start_date] => 28-09-2014
    [report_end_date] => 29-09-2014
)

2014-09-30 14:03:28 Debug: Array
(
)

2014-09-30 14:04:28 Debug: Array
(
)

2014-09-30 14:05:12 Debug: Array
(
)

2014-09-30 14:07:19 Debug: 
2014-09-30 14:07:31 Debug: Array
(
)

2014-09-30 14:07:56 Debug: 
2014-09-30 14:14:14 Debug: 
2014-09-30 14:15:17 Debug: 
2014-09-30 14:19:04 Debug: 
2014-09-30 15:02:09 Debug: Array
(
)

2014-09-30 15:40:14 Debug: 
2014-09-30 16:09:05 Debug: 
2014-09-30 16:09:45 Debug: Array
(
)

2014-09-30 16:13:36 Debug: 
2014-09-30 16:13:39 Debug: Array
(
)

2014-09-30 16:13:56 Debug: Array
(
)

2014-09-30 16:14:32 Debug: 
2014-09-30 16:19:30 Debug: 
2014-09-30 16:19:44 Debug: Array
(
)

2014-09-30 16:20:03 Debug: 
2014-09-30 16:23:23 Debug: 
2014-09-30 16:35:57 Debug: 
2014-09-30 16:35:58 Debug: 
2014-09-30 17:49:58 Debug: Array
(
)

2014-09-30 18:42:01 Debug: Array
(
)

2014-09-30 18:42:07 Debug: Array
(
)

2014-10-01 06:49:28 Debug: Array
(
)

2014-10-01 10:23:50 Debug: Array
(
)

2014-10-01 10:25:21 Debug: 
2014-10-01 10:36:29 Debug: Array
(
)

2014-10-01 10:53:19 Debug: 
2014-10-01 10:55:46 Debug: Array
(
)

2014-10-01 10:57:23 Debug: 
2014-10-01 10:57:23 Debug: 
2014-10-01 10:57:25 Debug: 
2014-10-01 10:57:29 Debug: 
2014-10-01 10:59:12 Debug: Array
(
)

2014-10-01 11:00:02 Debug: Array
(
)

2014-10-01 11:05:04 Debug: 
2014-10-01 11:28:57 Debug: 
2014-10-01 12:15:40 Debug: 
2014-10-01 12:22:35 Debug: Array
(
)

2014-10-01 12:23:00 Debug: Array
(
    [report_start_date] => 1/9/14
    [report_end_date] => 1/10/14
)

2014-10-01 12:43:01 Debug: Array
(
)

2014-10-01 13:06:33 Debug: Array
(
)

2014-10-01 13:06:39 Debug: Array
(
    [report_start_date] => 
    [report_end_date] => 
)

2014-10-01 13:06:55 Debug: Array
(
)

2014-10-01 13:07:02 Debug: Array
(
    [report_start_date] => 
    [report_end_date] => 
)

2014-10-01 14:45:26 Debug: Array
(
)

2014-10-01 14:46:01 Debug: 
2014-10-01 14:46:48 Debug: Array
(
)

2014-10-01 15:25:24 Debug: Array
(
)

2014-10-01 15:52:29 Debug: 
2014-10-01 16:22:29 Debug: Array
(
)

2014-10-02 09:37:20 Debug: Array
(
)

2014-10-02 09:37:50 Debug: Array
(
    [report_start_date] => 01/09/2014
    [report_end_date] => 30/09/2014
)

2014-10-02 10:06:18 Debug: 
2014-10-02 11:14:26 Debug: 
2014-10-02 14:39:05 Debug: 
2014-10-02 14:44:14 Debug: 
2014-10-02 14:44:28 Debug: 
2014-10-02 14:44:49 Debug: Array
(
)

2014-10-02 14:52:57 Debug: 
2014-10-02 19:32:13 Debug: Array
(
)

2014-10-02 19:32:26 Debug: Array
(
)

2014-10-02 19:33:12 Debug: 
2014-10-02 19:34:08 Debug: Array
(
)

2014-10-02 19:35:08 Debug: Array
(
)

2014-10-02 19:35:16 Debug: Array
(
)

2014-10-02 19:35:47 Debug: 
2014-10-03 12:10:12 Debug: 
2014-10-03 12:11:08 Debug: 
2014-10-07 08:49:14 Debug: Array
(
)

2014-10-07 08:49:39 Debug: Array
(
    [report_start_date] => 1
    [report_end_date] => 7/10/14
)

2014-10-07 08:51:31 Debug: Array
(
)

2014-10-07 08:52:08 Debug: 
2014-10-07 08:52:49 Debug: Array
(
)

2014-10-07 08:53:08 Debug: 
2014-10-07 08:53:58 Debug: 
2014-10-07 08:54:25 Debug: Array
(
)

2014-10-07 08:54:43 Debug: Array
(
    [report_start_date] => 1/7/14
    [report_end_date] => 31/7/14
)

2014-10-07 08:55:10 Debug: Array
(
)

2014-10-07 08:55:32 Debug: Array
(
    [report_start_date] => 1/7/14
    [report_end_date] => 30/9/14
)

2014-10-07 09:26:46 Debug: 
2014-10-07 09:53:37 Debug: Array
(
)

2014-10-07 09:53:57 Debug: Array
(
    [report_start_date] => 03/10/2014
    [report_end_date] => 03/10/2014
)

2014-10-07 09:57:45 Debug: Array
(
)

2014-10-07 10:29:32 Debug: Array
(
)

2014-10-07 10:40:16 Debug: 
2014-10-07 10:46:31 Debug: Array
(
)

2014-10-07 10:49:39 Debug: 
2014-10-07 10:51:39 Debug: Array
(
)

2014-10-07 10:52:13 Debug: 
2014-10-07 10:53:31 Debug: 
2014-10-07 10:53:44 Debug: 
2014-10-07 10:53:47 Debug: 
2014-10-07 11:32:14 Debug: Array
(
)

2014-10-07 11:34:06 Debug: 
2014-10-07 11:37:53 Debug: 
2014-10-07 11:42:19 Debug: Array
(
)

2014-10-07 11:50:47 Debug: Array
(
)

2014-10-07 11:50:55 Debug: 
2014-10-07 11:56:34 Debug: Array
(
)

2014-10-07 11:56:43 Debug: 
2014-10-07 11:57:43 Debug: 
2014-10-07 11:57:47 Debug: 
2014-10-07 12:01:06 Debug: Array
(
)

2014-10-07 12:14:28 Debug: 
2014-10-07 12:14:29 Debug: 
2014-10-07 12:14:43 Debug: 
2014-10-07 12:14:46 Debug: Array
(
)

2014-10-07 12:14:50 Debug: 
2014-10-07 12:15:05 Debug: 
2014-10-07 12:15:41 Debug: 
2014-10-07 12:15:46 Debug: 
2014-10-07 12:16:02 Debug: 
2014-10-07 12:16:15 Debug: Array
(
)

2014-10-07 12:16:29 Debug: Array
(
    [report_start_date] => 07/10/2014
    [report_end_date] => 07/10/2014
)

2014-10-07 12:29:21 Debug: Array
(
)

2014-10-07 12:48:48 Debug: Array
(
)

2014-10-07 12:52:04 Debug: 
