2014-10-22 14:29:33 Debug: hi
2014-10-22 14:29:33 Debug: Array
(
    [0] => Array
        (
            [WhiteList] => Array
                (
                    [id] => 1
                    [value] => 123123121
                    [created] => 2014-10-15 16:46:11
                )

        )

    [1] => Array
        (
            [WhiteList] => Array
                (
                    [id] => 2
                    [value] => 1231231231232
                    [created] => 2014-10-15 16:53:02
                )

        )

    [2] => Array
        (
            [WhiteList] => Array
                (
                    [id] => 3
                    [value] => 1
                    [created] => 2014-10-15 16:54:30
                )

        )

    [3] => Array
        (
            [WhiteList] => Array
                (
                    [id] => 4
                    [value] => 2
                    [created] => 2014-10-15 16:54:35
                )

        )

    [4] => Array
        (
            [WhiteList] => Array
                (
                    [id] => 5
                    [value] => 3213123
                    [created] => 2014-10-15 17:09:42
                )

        )

    [5] => Array
        (
            [WhiteList] => Array
                (
                    [id] => 6
                    [value] => 75t2173723
                    [created] => 2014-10-22 14:28:52
                )

        )

)

2014-10-22 14:29:38 Debug: Array
(
    [WhiteList] => Array
        (
            [value] => 8768768
        )

)

2014-10-22 14:29:38 Debug: 8768768
2014-10-22 14:29:38 Debug: 0
2014-10-22 14:29:38 Debug: hi
2014-10-22 14:29:38 Debug: Array
(
    [0] => Array
        (
            [WhiteList] => Array
                (
                    [id] => 1
                    [value] => 123123121
                    [created] => 2014-10-15 16:46:11
                )

        )

    [1] => Array
        (
            [WhiteList] => Array
                (
                    [id] => 2
                    [value] => 1231231231232
                    [created] => 2014-10-15 16:53:02
                )

        )

    [2] => Array
        (
            [WhiteList] => Array
                (
                    [id] => 3
                    [value] => 1
                    [created] => 2014-10-15 16:54:30
                )

        )

    [3] => Array
        (
            [WhiteList] => Array
                (
                    [id] => 4
                    [value] => 2
                    [created] => 2014-10-15 16:54:35
                )

        )

    [4] => Array
        (
            [WhiteList] => Array
                (
                    [id] => 5
                    [value] => 3213123
                    [created] => 2014-10-15 17:09:42
                )

        )

    [5] => Array
        (
            [WhiteList] => Array
                (
                    [id] => 6
                    [value] => 75t2173723
                    [created] => 2014-10-22 14:28:52
                )

        )

    [6] => Array
        (
            [WhiteList] => Array
                (
                    [id] => 7
                    [value] => 8768768
                    [created] => 2014-10-22 14:29:38
                )

        )

)

2014-10-22 14:55:23 Debug: hi
2014-10-22 14:55:23 Debug: Array
(
    [0] => Array
        (
            [WhiteList] => Array
                (
                    [id] => 1
                    [value] => 123123121
                    [created] => 2014-10-15 16:46:11
                )

        )

    [1] => Array
        (
            [WhiteList] => Array
                (
                    [id] => 2
                    [value] => 1231231231232
                    [created] => 2014-10-15 16:53:02
                )

        )

    [2] => Array
        (
            [WhiteList] => Array
                (
                    [id] => 3
                    [value] => 1
                    [created] => 2014-10-15 16:54:30
                )

        )

    [3] => Array
        (
            [WhiteList] => Array
                (
                    [id] => 4
                    [value] => 2
                    [created] => 2014-10-15 16:54:35
                )

        )

    [4] => Array
        (
            [WhiteList] => Array
                (
                    [id] => 5
                    [value] => 3213123
                    [created] => 2014-10-15 17:09:42
                )

        )

    [5] => Array
        (
            [WhiteList] => Array
                (
                    [id] => 6
                    [value] => 75t2173723
                    [created] => 2014-10-22 14:28:52
                )

        )

    [6] => Array
        (
            [WhiteList] => Array
                (
                    [id] => 7
                    [value] => 8768768
                    [created] => 2014-10-22 14:29:38
                )

        )

)

2014-10-22 14:55:28 Debug: hi
2014-10-22 14:55:28 Debug: Array
(
    [0] => Array
        (
            [BlackList] => Array
                (
                    [id] => 1
                    [value] => `12`1
                    [created] => 2014-10-15 16:52:45
                )

        )

    [1] => Array
        (
            [BlackList] => Array
                (
                    [id] => 2
                    [value] => 1231
                    [created] => 2014-10-15 16:52:51
                )

        )

    [2] => Array
        (
            [BlackList] => Array
                (
                    [id] => 3
                    [value] => 1231231`2`12
                    [created] => 2014-10-15 16:52:56
                )

        )

    [3] => Array
        (
            [BlackList] => Array
                (
                    [id] => 4
                    [value] => 3
                    [created] => 2014-10-15 16:54:43
                )

        )

)

2014-10-22 14:55:32 Debug: hi
2014-10-22 14:55:32 Debug: Array
(
    [0] => Array
        (
            [WhiteList] => Array
                (
                    [id] => 1
                    [value] => 123123121
                    [created] => 2014-10-15 16:46:11
                )

        )

    [1] => Array
        (
            [WhiteList] => Array
                (
                    [id] => 2
                    [value] => 1231231231232
                    [created] => 2014-10-15 16:53:02
                )

        )

    [2] => Array
        (
            [WhiteList] => Array
                (
                    [id] => 3
                    [value] => 1
                    [created] => 2014-10-15 16:54:30
                )

        )

    [3] => Array
        (
            [WhiteList] => Array
                (
                    [id] => 4
                    [value] => 2
                    [created] => 2014-10-15 16:54:35
                )

        )

    [4] => Array
        (
            [WhiteList] => Array
                (
                    [id] => 5
                    [value] => 3213123
                    [created] => 2014-10-15 17:09:42
                )

        )

    [5] => Array
        (
            [WhiteList] => Array
                (
                    [id] => 6
                    [value] => 75t2173723
                    [created] => 2014-10-22 14:28:52
                )

        )

    [6] => Array
        (
            [WhiteList] => Array
                (
                    [id] => 7
                    [value] => 8768768
                    [created] => 2014-10-22 14:29:38
                )

        )

)

2014-10-22 14:55:37 Debug: Array
(
    [WhiteList] => Array
        (
            [value] => 3
        )

)

2014-10-22 14:55:37 Debug: 3
2014-10-22 14:57:25 Debug: Array
(
    [WhiteList] => Array
        (
            [value] => 3
        )

)

2014-10-22 14:57:25 Debug: 3
2014-10-22 14:57:25 Debug: inside isvalue:3
2014-10-22 14:57:25 Debug: 1
