2014-09-18 10:37:47 Error: [MissingControllerException] Controller class Script.jsController could not be found.
Exception Attributes: array (
  'class' => 'Script.jsController',
  'plugin' => NULL,
)
Request URL: /yoonic-cis-admin/script.js
Stack Trace:
#0 /home/yoonic/www/yoonic-cis-admin/app/webroot/index.php(108): Dispatcher->dispatch(Object(CakeRequest), Object(CakeResponse))
#1 {main}
2014-09-18 10:37:47 Error: [MissingControllerException] Controller class Styles.cssController could not be found.
Exception Attributes: array (
  'class' => 'Styles.cssController',
  'plugin' => NULL,
)
Request URL: /yoonic-cis-admin/styles.css
Stack Trace:
#0 /home/yoonic/www/yoonic-cis-admin/app/webroot/index.php(108): Dispatcher->dispatch(Object(CakeRequest), Object(CakeResponse))
#1 {main}
2014-09-18 10:37:48 Error: [MissingControllerException] Controller class CssController could not be found.
Exception Attributes: array (
  'class' => 'CssController',
  'plugin' => NULL,
)
Request URL: /yoonic-cis-admin/css/images/bg.png
Stack Trace:
#0 /home/yoonic/www/yoonic-cis-admin/app/webroot/index.php(108): Dispatcher->dispatch(Object(CakeRequest), Object(CakeResponse))
#1 {main}
2014-09-18 10:37:54 Error: [MissingControllerException] Controller class Styles.cssController could not be found.
Exception Attributes: array (
  'class' => 'Styles.cssController',
  'plugin' => NULL,
)
Request URL: /yoonic-cis-admin/styles.css
Stack Trace:
#0 /home/yoonic/www/yoonic-cis-admin/app/webroot/index.php(108): Dispatcher->dispatch(Object(CakeRequest), Object(CakeResponse))
#1 {main}
2014-09-18 10:37:54 Error: [MissingControllerException] Controller class Script.jsController could not be found.
Exception Attributes: array (
  'class' => 'Script.jsController',
  'plugin' => NULL,
)
Request URL: /yoonic-cis-admin/script.js
Stack Trace:
#0 /home/yoonic/www/yoonic-cis-admin/app/webroot/index.php(108): Dispatcher->dispatch(Object(CakeRequest), Object(CakeResponse))
#1 {main}
2014-09-18 10:37:57 Error: [MissingControllerException] Controller class Styles.cssController could not be found.
Exception Attributes: array (
  'class' => 'Styles.cssController',
  'plugin' => NULL,
)
Request URL: /yoonic-cis-admin/styles.css
Stack Trace:
#0 /home/yoonic/www/yoonic-cis-admin/app/webroot/index.php(108): Dispatcher->dispatch(Object(CakeRequest), Object(CakeResponse))
#1 {main}
2014-09-18 10:37:57 Error: [MissingControllerException] Controller class Script.jsController could not be found.
Exception Attributes: array (
  'class' => 'Script.jsController',
  'plugin' => NULL,
)
Request URL: /yoonic-cis-admin/script.js
Stack Trace:
#0 /home/yoonic/www/yoonic-cis-admin/app/webroot/index.php(108): Dispatcher->dispatch(Object(CakeRequest), Object(CakeResponse))
#1 {main}
2014-09-18 10:39:49 Error: [MissingControllerException] Controller class Styles.cssController could not be found.
Exception Attributes: array (
  'class' => 'Styles.cssController',
  'plugin' => NULL,
)
Request URL: /yoonic-cis-admin/styles.css
Stack Trace:
#0 /home/yoonic/www/yoonic-cis-admin/app/webroot/index.php(108): Dispatcher->dispatch(Object(CakeRequest), Object(CakeResponse))
#1 {main}
2014-09-18 10:39:49 Error: [MissingControllerException] Controller class Script.jsController could not be found.
Exception Attributes: array (
  'class' => 'Script.jsController',
  'plugin' => NULL,
)
Request URL: /yoonic-cis-admin/script.js
Stack Trace:
#0 /home/yoonic/www/yoonic-cis-admin/app/webroot/index.php(108): Dispatcher->dispatch(Object(CakeRequest), Object(CakeResponse))
#1 {main}
2014-09-18 10:40:37 Error: [MissingControllerException] Controller class Script.jsController could not be found.
Exception Attributes: array (
  'class' => 'Script.jsController',
  'plugin' => NULL,
)
Request URL: /yoonic-cis-admin/script.js
Stack Trace:
#0 /home/yoonic/www/yoonic-cis-admin/app/webroot/index.php(108): Dispatcher->dispatch(Object(CakeRequest), Object(CakeResponse))
#1 {main}
2014-09-18 10:40:37 Error: [MissingControllerException] Controller class Styles.cssController could not be found.
Exception Attributes: array (
  'class' => 'Styles.cssController',
  'plugin' => NULL,
)
Request URL: /yoonic-cis-admin/styles.css
Stack Trace:
#0 /home/yoonic/www/yoonic-cis-admin/app/webroot/index.php(108): Dispatcher->dispatch(Object(CakeRequest), Object(CakeResponse))
#1 {main}
2014-09-18 10:41:10 Error: [MissingControllerException] Controller class Script.jsController could not be found.
Exception Attributes: array (
  'class' => 'Script.jsController',
  'plugin' => NULL,
)
Request URL: /yoonic-cis-admin/script.js
Stack Trace:
#0 /home/yoonic/www/yoonic-cis-admin/app/webroot/index.php(108): Dispatcher->dispatch(Object(CakeRequest), Object(CakeResponse))
#1 {main}
2014-09-18 10:41:10 Error: [MissingControllerException] Controller class Styles.cssController could not be found.
Exception Attributes: array (
  'class' => 'Styles.cssController',
  'plugin' => NULL,
)
Request URL: /yoonic-cis-admin/styles.css
Stack Trace:
#0 /home/yoonic/www/yoonic-cis-admin/app/webroot/index.php(108): Dispatcher->dispatch(Object(CakeRequest), Object(CakeResponse))
#1 {main}
2014-09-18 10:41:20 Error: [MissingControllerException] Controller class Script.jsController could not be found.
Exception Attributes: array (
  'class' => 'Script.jsController',
  'plugin' => NULL,
)
Request URL: /yoonic-cis-admin/script.js
Stack Trace:
#0 /home/yoonic/www/yoonic-cis-admin/app/webroot/index.php(108): Dispatcher->dispatch(Object(CakeRequest), Object(CakeResponse))
#1 {main}
2014-09-18 10:41:20 Error: [MissingControllerException] Controller class Styles.cssController could not be found.
Exception Attributes: array (
  'class' => 'Styles.cssController',
  'plugin' => NULL,
)
Request URL: /yoonic-cis-admin/styles.css
Stack Trace:
#0 /home/yoonic/www/yoonic-cis-admin/app/webroot/index.php(108): Dispatcher->dispatch(Object(CakeRequest), Object(CakeResponse))
#1 {main}
2014-09-18 10:41:56 Error: [MissingControllerException] Controller class Styles.cssController could not be found.
Exception Attributes: array (
  'class' => 'Styles.cssController',
  'plugin' => NULL,
)
Request URL: /yoonic-cis-admin/styles.css
Stack Trace:
#0 /home/yoonic/www/yoonic-cis-admin/app/webroot/index.php(108): Dispatcher->dispatch(Object(CakeRequest), Object(CakeResponse))
#1 {main}
2014-09-18 10:41:56 Error: [MissingControllerException] Controller class Script.jsController could not be found.
Exception Attributes: array (
  'class' => 'Script.jsController',
  'plugin' => NULL,
)
Request URL: /yoonic-cis-admin/script.js
Stack Trace:
#0 /home/yoonic/www/yoonic-cis-admin/app/webroot/index.php(108): Dispatcher->dispatch(Object(CakeRequest), Object(CakeResponse))
#1 {main}
2014-09-22 02:53:23 Error: [MissingControllerException] Controller class Styles.cssController could not be found.
Exception Attributes: array (
  'class' => 'Styles.cssController',
  'plugin' => NULL,
)
Request URL: /yoonic-cis-admin/styles.css
Stack Trace:
#0 /home/yoonic/www/yoonic-cis-admin/app/webroot/index.php(108): Dispatcher->dispatch(Object(CakeRequest), Object(CakeResponse))
#1 {main}
2014-09-22 02:53:23 Error: [MissingControllerException] Controller class Script.jsController could not be found.
Exception Attributes: array (
  'class' => 'Script.jsController',
  'plugin' => NULL,
)
Request URL: /yoonic-cis-admin/script.js
Stack Trace:
#0 /home/yoonic/www/yoonic-cis-admin/app/webroot/index.php(108): Dispatcher->dispatch(Object(CakeRequest), Object(CakeResponse))
#1 {main}
2014-09-22 02:53:24 Error: [MissingControllerException] Controller class CssController could not be found.
Exception Attributes: array (
  'class' => 'CssController',
  'plugin' => NULL,
)
Request URL: /yoonic-cis-admin/css/images/bg.png
Stack Trace:
#0 /home/yoonic/www/yoonic-cis-admin/app/webroot/index.php(108): Dispatcher->dispatch(Object(CakeRequest), Object(CakeResponse))
#1 {main}
2014-09-22 02:55:35 Error: [MissingControllerException] Controller class Styles.cssController could not be found.
Exception Attributes: array (
  'class' => 'Styles.cssController',
  'plugin' => NULL,
)
Request URL: /yoonic-cis-admin/styles.css
Stack Trace:
#0 /home/yoonic/www/yoonic-cis-admin/app/webroot/index.php(108): Dispatcher->dispatch(Object(CakeRequest), Object(CakeResponse))
#1 {main}
2014-09-22 02:55:35 Error: [MissingControllerException] Controller class Script.jsController could not be found.
Exception Attributes: array (
  'class' => 'Script.jsController',
  'plugin' => NULL,
)
Request URL: /yoonic-cis-admin/script.js
Stack Trace:
#0 /home/yoonic/www/yoonic-cis-admin/app/webroot/index.php(108): Dispatcher->dispatch(Object(CakeRequest), Object(CakeResponse))
#1 {main}
2014-09-22 02:55:35 Error: [MissingControllerException] Controller class CssController could not be found.
Exception Attributes: array (
  'class' => 'CssController',
  'plugin' => NULL,
)
Request URL: /yoonic-cis-admin/css/images/bg.png
Stack Trace:
#0 /home/yoonic/www/yoonic-cis-admin/app/webroot/index.php(108): Dispatcher->dispatch(Object(CakeRequest), Object(CakeResponse))
#1 {main}
2014-09-22 03:01:42 Error: [MissingControllerException] Controller class CssController could not be found.
Exception Attributes: array (
  'class' => 'CssController',
  'plugin' => NULL,
)
Request URL: /yoonic-cis-admin/css/images/bg.png
Stack Trace:
#0 /home/yoonic/www/yoonic-cis-admin/app/webroot/index.php(108): Dispatcher->dispatch(Object(CakeRequest), Object(CakeResponse))
#1 {main}
2014-09-22 03:05:53 Error: [MissingActionException] Action ReportsController::latest() could not be found.
Exception Attributes: array (
  'controller' => 'ReportsController',
  'action' => 'latest',
)
Request URL: /yoonic-cis-admin/reports/latest/
Stack Trace:
#0 /home/yoonic/www/yoonic-cis-admin/lib/Cake/Routing/Dispatcher.php(191): Controller->invokeAction(Object(CakeRequest))
#1 /home/yoonic/www/yoonic-cis-admin/lib/Cake/Routing/Dispatcher.php(165): Dispatcher->_invoke(Object(ReportsController), Object(CakeRequest))
#2 /home/yoonic/www/yoonic-cis-admin/app/webroot/index.php(108): Dispatcher->dispatch(Object(CakeRequest), Object(CakeResponse))
#3 {main}
2014-09-22 03:07:31 Error: [MissingActionException] Action ReportsController::latest() could not be found.
Exception Attributes: array (
  'controller' => 'ReportsController',
  'action' => 'latest',
)
Request URL: /yoonic-cis-admin/reports/latest/
Stack Trace:
#0 /home/yoonic/www/yoonic-cis-admin/lib/Cake/Routing/Dispatcher.php(191): Controller->invokeAction(Object(CakeRequest))
#1 /home/yoonic/www/yoonic-cis-admin/lib/Cake/Routing/Dispatcher.php(165): Dispatcher->_invoke(Object(ReportsController), Object(CakeRequest))
#2 /home/yoonic/www/yoonic-cis-admin/app/webroot/index.php(108): Dispatcher->dispatch(Object(CakeRequest), Object(CakeResponse))
#3 {main}
2014-09-22 07:37:43 Error: [MissingControllerException] Controller class Styles.cssController could not be found.
Exception Attributes: array (
  'class' => 'Styles.cssController',
  'plugin' => NULL,
)
Request URL: /yoonic-cis-admin/styles.css
Stack Trace:
#0 /home/yoonic/www/yoonic-cis-admin/app/webroot/index.php(108): Dispatcher->dispatch(Object(CakeRequest), Object(CakeResponse))
#1 {main}
2014-09-22 07:37:43 Error: [MissingControllerException] Controller class Script.jsController could not be found.
Exception Attributes: array (
  'class' => 'Script.jsController',
  'plugin' => NULL,
)
Request URL: /yoonic-cis-admin/script.js
Stack Trace:
#0 /home/yoonic/www/yoonic-cis-admin/app/webroot/index.php(108): Dispatcher->dispatch(Object(CakeRequest), Object(CakeResponse))
#1 {main}
2014-09-22 07:37:43 Error: [MissingControllerException] Controller class CssController could not be found.
Exception Attributes: array (
  'class' => 'CssController',
  'plugin' => NULL,
)
Request URL: /yoonic-cis-admin/css/images/bg.png
Stack Trace:
#0 /home/yoonic/www/yoonic-cis-admin/app/webroot/index.php(108): Dispatcher->dispatch(Object(CakeRequest), Object(CakeResponse))
#1 {main}
2014-09-22 07:38:33 Error: [MissingControllerException] Controller class Styles.cssController could not be found.
Exception Attributes: array (
  'class' => 'Styles.cssController',
  'plugin' => NULL,
)
Request URL: /yoonic-cis-admin/styles.css
Stack Trace:
#0 /home/yoonic/www/yoonic-cis-admin/app/webroot/index.php(108): Dispatcher->dispatch(Object(CakeRequest), Object(CakeResponse))
#1 {main}
2014-09-22 07:38:33 Error: [MissingControllerException] Controller class Script.jsController could not be found.
Exception Attributes: array (
  'class' => 'Script.jsController',
  'plugin' => NULL,
)
Request URL: /yoonic-cis-admin/script.js
Stack Trace:
#0 /home/yoonic/www/yoonic-cis-admin/app/webroot/index.php(108): Dispatcher->dispatch(Object(CakeRequest), Object(CakeResponse))
#1 {main}
2014-09-22 07:38:53 Error: [MissingControllerException] Controller class Script.jsController could not be found.
Exception Attributes: array (
  'class' => 'Script.jsController',
  'plugin' => NULL,
)
Request URL: /yoonic-cis-admin/script.js
Stack Trace:
#0 /home/yoonic/www/yoonic-cis-admin/app/webroot/index.php(108): Dispatcher->dispatch(Object(CakeRequest), Object(CakeResponse))
#1 {main}
2014-09-22 07:38:53 Error: [MissingControllerException] Controller class Styles.cssController could not be found.
Exception Attributes: array (
  'class' => 'Styles.cssController',
  'plugin' => NULL,
)
Request URL: /yoonic-cis-admin/styles.css
Stack Trace:
#0 /home/yoonic/www/yoonic-cis-admin/app/webroot/index.php(108): Dispatcher->dispatch(Object(CakeRequest), Object(CakeResponse))
#1 {main}
2014-09-22 07:38:59 Error: [MissingControllerException] Controller class Script.jsController could not be found.
Exception Attributes: array (
  'class' => 'Script.jsController',
  'plugin' => NULL,
)
Request URL: /yoonic-cis-admin/script.js
Stack Trace:
#0 /home/yoonic/www/yoonic-cis-admin/app/webroot/index.php(108): Dispatcher->dispatch(Object(CakeRequest), Object(CakeResponse))
#1 {main}
2014-09-22 07:38:59 Error: [MissingControllerException] Controller class Styles.cssController could not be found.
Exception Attributes: array (
  'class' => 'Styles.cssController',
  'plugin' => NULL,
)
Request URL: /yoonic-cis-admin/styles.css
Stack Trace:
#0 /home/yoonic/www/yoonic-cis-admin/app/webroot/index.php(108): Dispatcher->dispatch(Object(CakeRequest), Object(CakeResponse))
#1 {main}
2014-09-22 07:40:08 Error: Fatal Error (1): Call to undefined method FormAuthenticate::unauthenticated() in [/home/yoonic/www/yoonic-cis-admin/lib/Cake/Controller/Component/AuthComponent.php, line 348]
2014-09-22 07:40:08 Error: [FatalErrorException] Call to undefined method FormAuthenticate::unauthenticated()
Request URL: /yoonic-cis-admin/
Stack Trace:
#0 /home/yoonic/www/yoonic-cis-admin/lib/Cake/Error/ErrorHandler.php(204): ErrorHandler::handleFatalError(1, 'Call to undefin...', '/home/yoonic/ww...', 348)
#1 [internal function]: ErrorHandler::handleError(1, 'Call to undefin...', '/home/yoonic/ww...', 348, Array)
#2 /home/yoonic/www/yoonic-cis-admin/lib/Cake/Core/App.php(929): call_user_func('ErrorHandler::h...', 1, 'Call to undefin...', '/home/yoonic/ww...', 348, Array)
#3 /home/yoonic/www/yoonic-cis-admin/lib/Cake/Core/App.php(902): App::_checkFatalError()
#4 [internal function]: App::shutdown()
#5 {main}
2014-09-22 07:40:31 Error: [MissingControllerException] Controller class Script.jsController could not be found.
Exception Attributes: array (
  'class' => 'Script.jsController',
  'plugin' => NULL,
)
Request URL: /yoonic-cis-admin/script.js
Stack Trace:
#0 /home/yoonic/www/yoonic-cis-admin/app/webroot/index.php(108): Dispatcher->dispatch(Object(CakeRequest), Object(CakeResponse))
#1 {main}
2014-09-22 07:40:31 Error: [MissingControllerException] Controller class Styles.cssController could not be found.
Exception Attributes: array (
  'class' => 'Styles.cssController',
  'plugin' => NULL,
)
Request URL: /yoonic-cis-admin/styles.css
Stack Trace:
#0 /home/yoonic/www/yoonic-cis-admin/app/webroot/index.php(108): Dispatcher->dispatch(Object(CakeRequest), Object(CakeResponse))
#1 {main}
2014-09-22 07:40:32 Error: [MissingControllerException] Controller class CssController could not be found.
Exception Attributes: array (
  'class' => 'CssController',
  'plugin' => NULL,
)
Request URL: /yoonic-cis-admin/css/images/bg.png
Stack Trace:
#0 /home/yoonic/www/yoonic-cis-admin/app/webroot/index.php(108): Dispatcher->dispatch(Object(CakeRequest), Object(CakeResponse))
#1 {main}
2014-10-02 14:14:52 Error: [MissingControllerException] Controller class AdminController could not be found.
Exception Attributes: array (
  'class' => 'AdminController',
  'plugin' => NULL,
)
Request URL: /cake/admin/users/login
Stack Trace:
#0 /var/www/html/cake/app/webroot/index.php(108): Dispatcher->dispatch(Object(CakeRequest), Object(CakeResponse))
#1 {main}
2014-10-02 14:14:58 Error: [MissingControllerException] Controller class Unittest.phpController could not be found.
Exception Attributes: array (
  'class' => 'Unittest.phpController',
  'plugin' => NULL,
)
Request URL: /cake/unittest.php
Stack Trace:
#0 /var/www/html/cake/app/webroot/index.php(108): Dispatcher->dispatch(Object(CakeRequest), Object(CakeResponse))
#1 {main}
2014-10-02 14:16:15 Error: [MissingControllerException] Controller class App1Controller could not be found.
Exception Attributes: array (
  'class' => 'App1Controller',
  'plugin' => NULL,
)
Request URL: /cake/app1/unittest.php
Stack Trace:
#0 /var/www/html/cake/app/webroot/index.php(108): Dispatcher->dispatch(Object(CakeRequest), Object(CakeResponse))
#1 {main}
2014-10-02 14:19:09 Error: [MissingActionException] Action ReportsController::reports() could not be found.
Exception Attributes: array (
  'controller' => 'ReportsController',
  'action' => 'reports',
)
Request URL: /cake/reports/reports
Stack Trace:
#0 /var/www/html/cake/lib/Cake/Routing/Dispatcher.php(191): Controller->invokeAction(Object(CakeRequest))
#1 /var/www/html/cake/lib/Cake/Routing/Dispatcher.php(165): Dispatcher->_invoke(Object(ReportsController), Object(CakeRequest))
#2 /var/www/html/cake/app/webroot/index.php(108): Dispatcher->dispatch(Object(CakeRequest), Object(CakeResponse))
#3 {main}
2014-10-02 14:19:33 Error: [MissingActionException] Action ReportsController::reports() could not be found.
Exception Attributes: array (
  'controller' => 'ReportsController',
  'action' => 'reports',
)
Request URL: /cake/reports/reports/export_day/display
Stack Trace:
#0 /var/www/html/cake/lib/Cake/Routing/Dispatcher.php(191): Controller->invokeAction(Object(CakeRequest))
#1 /var/www/html/cake/lib/Cake/Routing/Dispatcher.php(165): Dispatcher->_invoke(Object(ReportsController), Object(CakeRequest))
#2 /var/www/html/cake/app/webroot/index.php(108): Dispatcher->dispatch(Object(CakeRequest), Object(CakeResponse))
#3 {main}
2014-10-02 14:22:21 Error: [MissingControllerException] Controller class App1Controller could not be found.
Exception Attributes: array (
  'class' => 'App1Controller',
  'plugin' => NULL,
)
Request URL: /cake/app_1/reports
Stack Trace:
#0 /var/www/html/cake/app/webroot/index.php(108): Dispatcher->dispatch(Object(CakeRequest), Object(CakeResponse))
#1 {main}
2014-10-02 14:23:17 Error: [MissingControllerException] Controller class DummyController could not be found.
Exception Attributes: array (
  'class' => 'DummyController',
  'plugin' => NULL,
)
Request URL: /cake/dummy/reports
Stack Trace:
#0 /var/www/html/cake/app/webroot/index.php(108): Dispatcher->dispatch(Object(CakeRequest), Object(CakeResponse))
#1 {main}
2014-10-07 03:10:06 Error: [MissingControllerException] Controller class Script.jsController could not be found.
Exception Attributes: array (
  'class' => 'Script.jsController',
  'plugin' => NULL,
)
Request URL: /cake/yoonic-cis-admin/script.js
Stack Trace:
#0 /var/www/html/cake/yoonic-cis-admin/webroot/index.php(108): Dispatcher->dispatch(Object(CakeRequest), Object(CakeResponse))
#1 {main}
2014-10-07 03:10:06 Error: [MissingControllerException] Controller class Styles.cssController could not be found.
Exception Attributes: array (
  'class' => 'Styles.cssController',
  'plugin' => NULL,
)
Request URL: /cake/yoonic-cis-admin/styles.css
Stack Trace:
#0 /var/www/html/cake/yoonic-cis-admin/webroot/index.php(108): Dispatcher->dispatch(Object(CakeRequest), Object(CakeResponse))
#1 {main}
2014-10-07 03:10:07 Error: [MissingControllerException] Controller class CssController could not be found.
Exception Attributes: array (
  'class' => 'CssController',
  'plugin' => NULL,
)
Request URL: /cake/yoonic-cis-admin/css/images/bg.png
Stack Trace:
#0 /var/www/html/cake/yoonic-cis-admin/webroot/index.php(108): Dispatcher->dispatch(Object(CakeRequest), Object(CakeResponse))
#1 {main}
2014-10-07 03:10:13 Error: [MissingControllerException] Controller class CssController could not be found.
Exception Attributes: array (
  'class' => 'CssController',
  'plugin' => NULL,
)
Request URL: /cake/yoonic-cis-admin/css/images/bg.png
Stack Trace:
#0 /var/www/html/cake/yoonic-cis-admin/webroot/index.php(108): Dispatcher->dispatch(Object(CakeRequest), Object(CakeResponse))
#1 {main}
